<?xml version="1.0" encoding="UTF-8"?>
<!-- Generated by org.testng.reporters.JUnitXMLReporter -->
<testsuite hostname="DesktopPC" ignored="0" name="Default test" tests="4" failures="0" timestamp="19 Sep 2020 15:25:25 GMT" time="0.042" errors="0">
  <testcase name="testcase01" time="0.01" classname="com.training.maven.SampleTests1"/>
  <testcase name="testcase02" time="0.002" classname="com.training.maven.SampleTests1"/>
  <testcase name="testcase03" time="0.001" classname="com.training.maven.SampleTests1"/>
  <testcase name="testcase04" time="0.001" classname="com.training.maven.SampleTests1"/>
</testsuite> <!-- Default test -->
