<?xml version="1.0" encoding="UTF-8"?>
<testng-results skipped="0" failed="0" ignored="0" total="4" passed="4">
  <reporter-output>
  </reporter-output>
  <suite name="Default suite" duration-ms="42" started-at="2020-09-19T15:25:25Z" finished-at="2020-09-19T15:25:25Z">
    <groups>
    </groups>
    <test name="Default test" duration-ms="42" started-at="2020-09-19T15:25:25Z" finished-at="2020-09-19T15:25:25Z">
      <class name="com.training.maven.SampleTests1">
        <test-method status="PASS" signature="testcase01()[pri:0, instance:com.training.maven.SampleTests1@587d1d39]" name="testcase01" duration-ms="10" started-at="2020-09-19T15:25:25Z" finished-at="2020-09-19T15:25:25Z">
          <reporter-output>
          </reporter-output>
        </test-method> <!-- testcase01 -->
        <test-method status="PASS" signature="testcase02()[pri:0, instance:com.training.maven.SampleTests1@587d1d39]" name="testcase02" duration-ms="2" started-at="2020-09-19T15:25:25Z" finished-at="2020-09-19T15:25:25Z">
          <reporter-output>
          </reporter-output>
        </test-method> <!-- testcase02 -->
        <test-method status="PASS" signature="testcase03()[pri:0, instance:com.training.maven.SampleTests1@587d1d39]" name="testcase03" duration-ms="1" started-at="2020-09-19T15:25:25Z" finished-at="2020-09-19T15:25:25Z">
          <reporter-output>
          </reporter-output>
        </test-method> <!-- testcase03 -->
        <test-method status="PASS" signature="testcase04()[pri:0, instance:com.training.maven.SampleTests1@587d1d39]" name="testcase04" duration-ms="1" started-at="2020-09-19T15:25:25Z" finished-at="2020-09-19T15:25:25Z">
          <reporter-output>
          </reporter-output>
        </test-method> <!-- testcase04 -->
      </class> <!-- com.training.maven.SampleTests1 -->
    </test> <!-- Default test -->
  </suite> <!-- Default suite -->
</testng-results>
